<?xml version="1.0" encoding="UTF-8"?>
<testng-results ignored="0" total="2" passed="2" failed="0" skipped="0">
  <reporter-output>
  </reporter-output>
  <suite started-at="2023-08-08T15:25:39 IST" name="Default suite" finished-at="2023-08-08T15:25:53 IST" duration-ms="14041">
    <groups>
    </groups>
    <test started-at="2023-08-08T15:25:39 IST" name="Default test" finished-at="2023-08-08T15:25:53 IST" duration-ms="14041">
      <class name="Test.KhanAceLoginTest">
        <test-method is-config="true" signature="openbBrowser()[pri:0, instance:Test.KhanAceLoginTest@59474f18]" started-at="2023-08-08T15:25:39 IST" name="openbBrowser" finished-at="2023-08-08T15:25:46 IST" duration-ms="7257" status="PASS">
          <reporter-output>
          </reporter-output>
        </test-method> <!-- openbBrowser -->
        <test-method signature="loginWithValidCredentials()[pri:1, instance:Test.KhanAceLoginTest@59474f18]" started-at="2023-08-08T15:25:46 IST" name="loginWithValidCredentials" finished-at="2023-08-08T15:25:47 IST" duration-ms="794" status="PASS">
          <reporter-output>
          </reporter-output>
        </test-method> <!-- loginWithValidCredentials -->
        <test-method is-config="true" signature="openbBrowser()[pri:0, instance:Test.KhanAceLoginTest@59474f18]" started-at="2023-08-08T15:25:47 IST" name="openbBrowser" finished-at="2023-08-08T15:25:52 IST" duration-ms="5158" status="PASS">
          <reporter-output>
          </reporter-output>
        </test-method> <!-- openbBrowser -->
        <test-method signature="loginWithInvalidUsername()[pri:2, instance:Test.KhanAceLoginTest@59474f18]" started-at="2023-08-08T15:25:52 IST" name="loginWithInvalidUsername" finished-at="2023-08-08T15:25:53 IST" duration-ms="758" status="PASS">
          <reporter-output>
          </reporter-output>
        </test-method> <!-- loginWithInvalidUsername -->
      </class> <!-- Test.KhanAceLoginTest -->
    </test> <!-- Default test -->
  </suite> <!-- Default suite -->
</testng-results>
